TN:
SF:src/apiNote/note.ts
FN:17,(anonymous_0)
FN:27,(anonymous_1)
FN:35,(anonymous_2)
FN:43,(anonymous_3)
FN:52,(anonymous_4)
FN:60,(anonymous_5)
FN:68,(anonymous_6)
FN:75,(anonymous_7)
FNF:8
FNH:8
FNDA:14,(anonymous_0)
FNDA:5,(anonymous_1)
FNDA:5,(anonymous_2)
FNDA:5,(anonymous_3)
FNDA:1,(anonymous_4)
FNDA:1,(anonymous_5)
FNDA:1,(anonymous_6)
FNDA:3,(anonymous_7)
DA:10,1
DA:17,14
DA:18,14
DA:19,14
DA:20,14
DA:28,5
DA:36,5
DA:44,5
DA:53,1
DA:61,1
DA:69,1
DA:76,3
LF:12
LH:12
BRF:0
BRH:0
end_of_record
TN:
SF:src/apiNote/user.ts
FN:9,(anonymous_6)
FN:20,(anonymous_7)
FN:43,(anonymous_8)
FN:63,(anonymous_9)
FN:83,(anonymous_10)
FN:102,(anonymous_11)
FN:104,(anonymous_12)
FNF:7
FNH:7
FNDA:1,(anonymous_6)
FNDA:3,(anonymous_7)
FNDA:3,(anonymous_8)
FNDA:2,(anonymous_9)
FNDA:2,(anonymous_10)
FNDA:1,(anonymous_11)
FNDA:2,(anonymous_12)
DA:1,1
DA:2,1
DA:3,1
DA:8,1
DA:21,3
DA:22,3
DA:23,0
DA:24,0
DA:26,3
DA:27,3
DA:28,2
DA:29,2
DA:31,1
DA:32,1
DA:34,3
DA:44,3
DA:45,3
DA:46,2
DA:47,2
DA:49,1
DA:50,1
DA:52,3
DA:64,2
DA:65,2
DA:66,1
DA:67,1
DA:68,1
DA:69,1
DA:72,1
DA:73,1
DA:75,2
DA:84,2
DA:85,2
DA:86,1
DA:87,1
DA:88,1
DA:89,1
DA:91,1
DA:92,1
DA:94,1
DA:103,1
DA:104,1
DA:105,2
DA:106,2
DA:107,2
DA:108,2
DA:110,1
LF:47
LH:45
BRDA:22,0,0,0
BRDA:22,0,1,3
BRDA:27,1,0,2
BRDA:27,1,1,1
BRDA:45,2,0,2
BRDA:45,2,1,1
BRDA:65,3,0,1
BRDA:65,3,1,1
BRDA:67,4,0,1
BRDA:67,4,1,0
BRDA:85,5,0,1
BRDA:85,5,1,1
BRF:12
BRH:10
end_of_record
TN:
SF:src/client/event.ts
FN:9,(anonymous_0)
FN:13,(anonymous_1)
FNF:2
FNH:2
FNDA:1,(anonymous_0)
FNDA:3,(anonymous_1)
DA:1,1
DA:8,1
DA:10,1
DA:12,1
DA:13,1
DA:14,3
DA:16,3
DA:17,3
DA:18,1
DA:19,1
DA:20,1
DA:21,1
LF:12
LH:12
BRF:0
BRH:0
end_of_record
